{"/Users/arnav/Downloads/NomadChef/Backend/Handlers/authHandler.mjs": {"path":"/Users/arnav/Downloads/NomadChef/Backend/Handlers/authHandler.mjs","statementMap":{"0":{"start":{"line":5,"column":23},"end":{"line":11,"column":2}},"1":{"start":{"line":5,"column":46},"end":{"line":11,"column":1}},"2":{"start":{"line":14,"column":18},"end":{"line":20,"column":1}},"3":{"start":{"line":15,"column":4},"end":{"line":19,"column":5}},"4":{"start":{"line":16,"column":8},"end":{"line":16,"column":38}},"5":{"start":{"line":18,"column":8},"end":{"line":18,"column":48}},"6":{"start":{"line":23,"column":21},"end":{"line":28,"column":1}},"7":{"start":{"line":31,"column":22},"end":{"line":31,"column":48}},"8":{"start":{"line":31,"column":31},"end":{"line":31,"column":48}},"9":{"start":{"line":33,"column":23},"end":{"line":131,"column":1}},"10":{"start":{"line":34,"column":4},"end":{"line":34,"column":35}},"11":{"start":{"line":35,"column":4},"end":{"line":35,"column":64}},"12":{"start":{"line":36,"column":4},"end":{"line":36,"column":58}},"13":{"start":{"line":37,"column":4},"end":{"line":37,"column":64}},"14":{"start":{"line":39,"column":4},"end":{"line":130,"column":5}},"15":{"start":{"line":40,"column":8},"end":{"line":40,"column":62}},"16":{"start":{"line":43,"column":8},"end":{"line":43,"column":48}},"17":{"start":{"line":44,"column":8},"end":{"line":50,"column":9}},"18":{"start":{"line":45,"column":12},"end":{"line":45,"column":42}},"19":{"start":{"line":46,"column":12},"end":{"line":46,"column":58}},"20":{"start":{"line":48,"column":12},"end":{"line":48,"column":65}},"21":{"start":{"line":49,"column":12},"end":{"line":49,"column":26}},"22":{"start":{"line":52,"column":8},"end":{"line":108,"column":9}},"23":{"start":{"line":54,"column":16},"end":{"line":54,"column":57}},"24":{"start":{"line":55,"column":16},"end":{"line":57,"column":17}},"25":{"start":{"line":56,"column":20},"end":{"line":56,"column":80}},"26":{"start":{"line":59,"column":69},"end":{"line":59,"column":85}},"27":{"start":{"line":60,"column":16},"end":{"line":60,"column":51}},"28":{"start":{"line":62,"column":29},"end":{"line":62,"column":51}},"29":{"start":{"line":63,"column":30},"end":{"line":63,"column":67}},"30":{"start":{"line":64,"column":16},"end":{"line":64,"column":51}},"31":{"start":{"line":66,"column":16},"end":{"line":70,"column":17}},"32":{"start":{"line":67,"column":20},"end":{"line":69,"column":23}},"33":{"start":{"line":73,"column":16},"end":{"line":80,"column":17}},"34":{"start":{"line":77,"column":20},"end":{"line":79,"column":23}},"35":{"start":{"line":82,"column":16},"end":{"line":82,"column":71}},"36":{"start":{"line":83,"column":31},"end":{"line":83,"column":70}},"37":{"start":{"line":84,"column":16},"end":{"line":84,"column":48}},"38":{"start":{"line":86,"column":16},"end":{"line":86,"column":70}},"39":{"start":{"line":90,"column":16},"end":{"line":92,"column":17}},"40":{"start":{"line":91,"column":20},"end":{"line":91,"column":80}},"41":{"start":{"line":94,"column":44},"end":{"line":94,"column":60}},"42":{"start":{"line":96,"column":16},"end":{"line":100,"column":17}},"43":{"start":{"line":97,"column":20},"end":{"line":99,"column":23}},"44":{"start":{"line":102,"column":31},"end":{"line":102,"column":63}},"45":{"start":{"line":103,"column":16},"end":{"line":103,"column":70}},"46":{"start":{"line":107,"column":16},"end":{"line":107,"column":73}},"47":{"start":{"line":110,"column":8},"end":{"line":110,"column":47}},"48":{"start":{"line":111,"column":8},"end":{"line":111,"column":51}},"49":{"start":{"line":113,"column":8},"end":{"line":115,"column":9}},"50":{"start":{"line":114,"column":12},"end":{"line":114,"column":65}},"51":{"start":{"line":117,"column":8},"end":{"line":124,"column":9}},"52":{"start":{"line":118,"column":12},"end":{"line":122,"column":15}},"53":{"start":{"line":123,"column":12},"end":{"line":123,"column":79}},"54":{"start":{"line":126,"column":8},"end":{"line":129,"column":11}}},"fnMap":{"0":{"name":"(anonymous_0)","decl":{"start":{"line":5,"column":23},"end":{"line":5,"column":24}},"loc":{"start":{"line":5,"column":46},"end":{"line":11,"column":1}},"line":5},"1":{"name":"(anonymous_1)","decl":{"start":{"line":14,"column":18},"end":{"line":14,"column":19}},"loc":{"start":{"line":14,"column":29},"end":{"line":20,"column":1}},"line":14},"2":{"name":"(anonymous_2)","decl":{"start":{"line":31,"column":22},"end":{"line":31,"column":23}},"loc":{"start":{"line":31,"column":31},"end":{"line":31,"column":48}},"line":31},"3":{"name":"(anonymous_3)","decl":{"start":{"line":33,"column":23},"end":{"line":33,"column":24}},"loc":{"start":{"line":33,"column":40},"end":{"line":131,"column":1}},"line":33}},"branchMap":{"0":{"loc":{"start":{"line":31,"column":31},"end":{"line":31,"column":48}},"type":"binary-expr","locations":[{"start":{"line":31,"column":31},"end":{"line":31,"column":42}},{"start":{"line":31,"column":46},"end":{"line":31,"column":48}}],"line":31},"1":{"loc":{"start":{"line":52,"column":8},"end":{"line":108,"column":9}},"type":"switch","locations":[{"start":{"line":53,"column":12},"end":{"line":87,"column":13}},{"start":{"line":89,"column":12},"end":{"line":104,"column":13}},{"start":{"line":106,"column":12},"end":{"line":107,"column":73}}],"line":52},"2":{"loc":{"start":{"line":55,"column":16},"end":{"line":57,"column":17}},"type":"if","locations":[{"start":{"line":55,"column":16},"end":{"line":57,"column":17}},{"start":{},"end":{}}],"line":55},"3":{"loc":{"start":{"line":66,"column":16},"end":{"line":70,"column":17}},"type":"if","locations":[{"start":{"line":66,"column":16},"end":{"line":70,"column":17}},{"start":{},"end":{}}],"line":66},"4":{"loc":{"start":{"line":66,"column":20},"end":{"line":66,"column":48}},"type":"binary-expr","locations":[{"start":{"line":66,"column":20},"end":{"line":66,"column":25}},{"start":{"line":66,"column":29},"end":{"line":66,"column":35}},{"start":{"line":66,"column":39},"end":{"line":66,"column":48}}],"line":66},"5":{"loc":{"start":{"line":73,"column":16},"end":{"line":80,"column":17}},"type":"if","locations":[{"start":{"line":73,"column":16},"end":{"line":80,"column":17}},{"start":{},"end":{}}],"line":73},"6":{"loc":{"start":{"line":73,"column":20},"end":{"line":76,"column":70}},"type":"binary-expr","locations":[{"start":{"line":73,"column":20},"end":{"line":73,"column":62}},{"start":{"line":74,"column":20},"end":{"line":74,"column":64}},{"start":{"line":75,"column":20},"end":{"line":75,"column":70}},{"start":{"line":76,"column":20},"end":{"line":76,"column":70}}],"line":73},"7":{"loc":{"start":{"line":90,"column":16},"end":{"line":92,"column":17}},"type":"if","locations":[{"start":{"line":90,"column":16},"end":{"line":92,"column":17}},{"start":{},"end":{}}],"line":90},"8":{"loc":{"start":{"line":96,"column":16},"end":{"line":100,"column":17}},"type":"if","locations":[{"start":{"line":96,"column":16},"end":{"line":100,"column":17}},{"start":{},"end":{}}],"line":96},"9":{"loc":{"start":{"line":96,"column":20},"end":{"line":96,"column":39}},"type":"binary-expr","locations":[{"start":{"line":96,"column":20},"end":{"line":96,"column":26}},{"start":{"line":96,"column":30},"end":{"line":96,"column":39}}],"line":96},"10":{"loc":{"start":{"line":113,"column":8},"end":{"line":115,"column":9}},"type":"if","locations":[{"start":{"line":113,"column":8},"end":{"line":115,"column":9}},{"start":{},"end":{}}],"line":113},"11":{"loc":{"start":{"line":117,"column":8},"end":{"line":124,"column":9}},"type":"if","locations":[{"start":{"line":117,"column":8},"end":{"line":124,"column":9}},{"start":{},"end":{}}],"line":117},"12":{"loc":{"start":{"line":117,"column":12},"end":{"line":117,"column":76}},"type":"binary-expr","locations":[{"start":{"line":117,"column":12},"end":{"line":117,"column":39}},{"start":{"line":117,"column":43},"end":{"line":117,"column":76}}],"line":117},"13":{"loc":{"start":{"line":128,"column":21},"end":{"line":128,"column":87}},"type":"cond-expr","locations":[{"start":{"line":128,"column":62},"end":{"line":128,"column":75}},{"start":{"line":128,"column":78},"end":{"line":128,"column":87}}],"line":128}},"s":{"0":0,"1":0,"2":0,"3":0,"4":0,"5":0,"6":0,"7":0,"8":0,"9":0,"10":0,"11":0,"12":0,"13":0,"14":0,"15":0,"16":0,"17":0,"18":0,"19":0,"20":0,"21":0,"22":0,"23":0,"24":0,"25":0,"26":0,"27":0,"28":0,"29":0,"30":0,"31":0,"32":0,"33":0,"34":0,"35":0,"36":0,"37":0,"38":0,"39":0,"40":0,"41":0,"42":0,"43":0,"44":0,"45":0,"46":0,"47":0,"48":0,"49":0,"50":0,"51":0,"52":0,"53":0,"54":0},"f":{"0":0,"1":0,"2":0,"3":0},"b":{"0":[0,0],"1":[0,0,0],"2":[0,0],"3":[0,0],"4":[0,0,0],"5":[0,0],"6":[0,0,0,0],"7":[0,0],"8":[0,0],"9":[0,0],"10":[0,0],"11":[0,0],"12":[0,0],"13":[0,0]},"inputSourceMap":null}
,"/Users/arnav/Downloads/NomadChef/Backend/Services/accountService.mjs": {"path":"/Users/arnav/Downloads/NomadChef/Backend/Services/accountService.mjs","statementMap":{"0":{"start":{"line":4,"column":19},"end":{"line":4,"column":41}},"1":{"start":{"line":7,"column":4},"end":{"line":7,"column":52}},"2":{"start":{"line":8,"column":4},"end":{"line":16,"column":6}},"3":{"start":{"line":22,"column":4},"end":{"line":63,"column":5}},"4":{"start":{"line":23,"column":27},"end":{"line":23,"column":49}},"5":{"start":{"line":25,"column":8},"end":{"line":25,"column":81}},"6":{"start":{"line":29,"column":29},"end":{"line":29,"column":85}},"7":{"start":{"line":30,"column":8},"end":{"line":32,"column":9}},"8":{"start":{"line":31,"column":12},"end":{"line":31,"column":56}},"9":{"start":{"line":34,"column":8},"end":{"line":34,"column":76}},"10":{"start":{"line":38,"column":31},"end":{"line":38,"column":62}},"11":{"start":{"line":40,"column":23},"end":{"line":45,"column":10}},"12":{"start":{"line":47,"column":8},"end":{"line":47,"column":69}},"13":{"start":{"line":48,"column":8},"end":{"line":48,"column":39}},"14":{"start":{"line":50,"column":22},"end":{"line":50,"column":70}},"15":{"start":{"line":51,"column":8},"end":{"line":51,"column":37}},"16":{"start":{"line":53,"column":8},"end":{"line":59,"column":10}},"17":{"start":{"line":61,"column":8},"end":{"line":61,"column":50}},"18":{"start":{"line":62,"column":8},"end":{"line":62,"column":20}},"19":{"start":{"line":68,"column":4},"end":{"line":101,"column":5}},"20":{"start":{"line":69,"column":27},"end":{"line":69,"column":49}},"21":{"start":{"line":71,"column":21},"end":{"line":71,"column":77}},"22":{"start":{"line":72,"column":8},"end":{"line":77,"column":9}},"23":{"start":{"line":73,"column":12},"end":{"line":76,"column":14}},"24":{"start":{"line":80,"column":32},"end":{"line":80,"column":77}},"25":{"start":{"line":81,"column":8},"end":{"line":86,"column":9}},"26":{"start":{"line":82,"column":12},"end":{"line":85,"column":14}},"27":{"start":{"line":88,"column":22},"end":{"line":88,"column":41}},"28":{"start":{"line":90,"column":56},"end":{"line":90,"column":60}},"29":{"start":{"line":91,"column":8},"end":{"line":97,"column":10}},"30":{"start":{"line":99,"column":8},"end":{"line":99,"column":50}},"31":{"start":{"line":100,"column":8},"end":{"line":100,"column":20}},"32":{"start":{"line":105,"column":4},"end":{"line":109,"column":5}},"33":{"start":{"line":106,"column":8},"end":{"line":106,"column":45}},"34":{"start":{"line":108,"column":8},"end":{"line":108,"column":20}}},"fnMap":{"0":{"name":"generateToken","decl":{"start":{"line":6,"column":16},"end":{"line":6,"column":29}},"loc":{"start":{"line":6,"column":36},"end":{"line":17,"column":1}},"line":6},"1":{"name":"signUp","decl":{"start":{"line":21,"column":22},"end":{"line":21,"column":28}},"loc":{"start":{"line":21,"column":56},"end":{"line":64,"column":1}},"line":21},"2":{"name":"login","decl":{"start":{"line":67,"column":22},"end":{"line":67,"column":27}},"loc":{"start":{"line":67,"column":49},"end":{"line":102,"column":1}},"line":67},"3":{"name":"verifyToken","decl":{"start":{"line":104,"column":16},"end":{"line":104,"column":27}},"loc":{"start":{"line":104,"column":35},"end":{"line":110,"column":1}},"line":104}},"branchMap":{"0":{"loc":{"start":{"line":30,"column":8},"end":{"line":32,"column":9}},"type":"if","locations":[{"start":{"line":30,"column":8},"end":{"line":32,"column":9}},{"start":{},"end":{}}],"line":30},"1":{"loc":{"start":{"line":72,"column":8},"end":{"line":77,"column":9}},"type":"if","locations":[{"start":{"line":72,"column":8},"end":{"line":77,"column":9}},{"start":{},"end":{}}],"line":72},"2":{"loc":{"start":{"line":81,"column":8},"end":{"line":86,"column":9}},"type":"if","locations":[{"start":{"line":81,"column":8},"end":{"line":86,"column":9}},{"start":{},"end":{}}],"line":81}},"s":{"0":1,"1":0,"2":0,"3":0,"4":0,"5":0,"6":0,"7":0,"8":0,"9":0,"10":0,"11":0,"12":0,"13":0,"14":0,"15":0,"16":0,"17":0,"18":0,"19":0,"20":0,"21":0,"22":0,"23":0,"24":0,"25":0,"26":0,"27":0,"28":0,"29":0,"30":0,"31":0,"32":0,"33":0,"34":0},"f":{"0":0,"1":0,"2":0,"3":0},"b":{"0":[0,0],"1":[0,0],"2":[0,0]},"inputSourceMap":null,"_coverageSchema":"1a1c01bbd47fc00a2c39e90264f33305004495a9","hash":"ba7a54892ae1c1111b7b9f9fb704bcc35eda68ed"}
}
